kotlin version: 2.0.0
error message: java.lang.IllegalArgumentException: AttendanceSyncWorker is not a sub type of the class/interface that contains `<init>` (AttendanceSyncWorker)
	at com.google.devtools.ksp.processing.impl.ResolverImpl.computeAsMemberOf(ResolverImpl.kt:1085)
	at com.google.devtools.ksp.processing.impl.ResolverImpl.asMemberOf$compiler_plugin(ResolverImpl.kt:1067)
	at com.google.devtools.ksp.symbol.impl.kotlin.KSFunctionDeclarationImpl.asMemberOf(KSFunctionDeclarationImpl.kt:122)
	at dagger.spi.internal.shaded.androidx.room.compiler.processing.ksp.KSAsMemberOfKt.typeAsMemberOf(KSAsMemberOf.kt:67)
	at dagger.spi.internal.shaded.androidx.room.compiler.processing.ksp.KspExecutableParameterElement.createAsMemberOf(KspExecutableParameterElement.kt:80)
	at dagger.spi.internal.shaded.androidx.room.compiler.processing.ksp.KspExecutableParameterElement.access$createAsMemberOf(KspExecutableParameterElement.kt:31)
	at dagger.spi.internal.shaded.androidx.room.compiler.processing.ksp.KspExecutableParameterElement$type$2.invoke(KspExecutableParameterElement.kt:57)
	at dagger.spi.internal.shaded.androidx.room.compiler.processing.ksp.KspExecutableParameterElement$type$2.invoke(KspExecutableParameterElement.kt:56)
	at kotlin.SynchronizedLazyImpl.getValue(LazyJVM.kt:74)
	at dagger.spi.internal.shaded.androidx.room.compiler.processing.ksp.KspExecutableParameterElement.getType(KspExecutableParameterElement.kt:56)
	at dagger.spi.internal.shaded.androidx.room.compiler.processing.ksp.KspExecutableParameterElement.getType(KspExecutableParameterElement.kt:31)
	at java.base/java.util.stream.ReferencePipeline$3$1.accept(Unknown Source)
	at java.base/java.util.ArrayList$ArrayListSpliterator.forEachRemaining(Unknown Source)
	at java.base/java.util.stream.AbstractPipeline.copyInto(Unknown Source)
	at java.base/java.util.stream.AbstractPipeline.wrapAndCopyInto(Unknown Source)
	at java.base/java.util.stream.ReduceOps$ReduceOp.evaluateSequential(Unknown Source)
	at java.base/java.util.stream.AbstractPipeline.evaluate(Unknown Source)
	at java.base/java.util.stream.ReferencePipeline.collect(Unknown Source)
	at dagger.internal.codegen.xprocessing.XElements.toStableString(XElements.java:346)
	at dagger.internal.codegen.base.DaggerSuperficialValidation$ValidationException.getMessageForElement(DaggerSuperficialValidation.java:637)
	at dagger.internal.codegen.base.DaggerSuperficialValidation$ValidationException.getMessageInternal(DaggerSuperficialValidation.java:619)
	at dagger.internal.codegen.base.DaggerSuperficialValidation$ValidationException.getTrace(DaggerSuperficialValidation.java:607)
	at dagger.internal.codegen.base.DaggerSuperficialValidation$ValidationException.getMessage(DaggerSuperficialValidation.java:603)
	at java.base/java.lang.Throwable.getLocalizedMessage(Unknown Source)
	at java.base/java.lang.Throwable.toString(Unknown Source)
	at java.base/java.lang.String.valueOf(Unknown Source)
	at java.base/java.io.PrintWriter.println(Unknown Source)
	at java.base/java.lang.Throwable$WrappedPrintWriter.println(Unknown Source)
	at java.base/java.lang.Throwable.lockedPrintStackTrace(Unknown Source)
	at java.base/java.lang.Throwable.printStackTrace(Unknown Source)
	at java.base/java.lang.Throwable.printStackTrace(Unknown Source)
	at com.google.devtools.ksp.AbstractKotlinSymbolProcessingExtension.handleException$logToError(KotlinSymbolProcessingExtension.kt:418)
	at com.google.devtools.ksp.AbstractKotlinSymbolProcessingExtension.handleException(KotlinSymbolProcessingExtension.kt:458)
	at com.google.devtools.ksp.AbstractKotlinSymbolProcessingExtension.doAnalysis(KotlinSymbolProcessingExtension.kt:308)
	at org.jetbrains.kotlin.cli.jvm.compiler.TopDownAnalyzerFacadeForJVM.analyzeFilesWithJavaIntegration(TopDownAnalyzerFacadeForJVM.kt:112)
	at org.jetbrains.kotlin.cli.jvm.compiler.TopDownAnalyzerFacadeForJVM.analyzeFilesWithJavaIntegration$default(TopDownAnalyzerFacadeForJVM.kt:75)
	at org.jetbrains.kotlin.cli.jvm.compiler.KotlinToJVMBytecodeCompiler.analyze$lambda$12(KotlinToJVMBytecodeCompiler.kt:373)
	at org.jetbrains.kotlin.cli.common.messages.AnalyzerWithCompilerReport.analyzeAndReport(AnalyzerWithCompilerReport.kt:115)
	at org.jetbrains.kotlin.cli.jvm.compiler.KotlinToJVMBytecodeCompiler.analyze(KotlinToJVMBytecodeCompiler.kt:364)
	at org.jetbrains.kotlin.cli.jvm.compiler.KotlinToJVMBytecodeCompiler.runFrontendAndGenerateIrUsingClassicFrontend(KotlinToJVMBytecodeCompiler.kt:195)
	at org.jetbrains.kotlin.cli.jvm.compiler.KotlinToJVMBytecodeCompiler.compileModules$cli(KotlinToJVMBytecodeCompiler.kt:106)
	at org.jetbrains.kotlin.cli.jvm.K2JVMCompiler.doExecute(K2JVMCompiler.kt:176)
	at org.jetbrains.kotlin.cli.jvm.K2JVMCompiler.doExecute(K2JVMCompiler.kt:50)
	at org.jetbrains.kotlin.cli.common.CLICompiler.execImpl(CLICompiler.kt:104)
	at org.jetbrains.kotlin.cli.common.CLICompiler.execImpl(CLICompiler.kt:48)
	at org.jetbrains.kotlin.cli.common.CLITool.exec(CLITool.kt:101)
	at org.jetbrains.kotlin.cli.common.CLITool.exec(CLITool.kt:79)
	at org.jetbrains.kotlin.cli.common.CLICompiler.execAndOutputXml(CLICompiler.kt:64)
	at java.base/jdk.internal.reflect.DirectMethodHandleAccessor.invoke(Unknown Source)
	at java.base/java.lang.reflect.Method.invoke(Unknown Source)
	at org.jetbrains.kotlin.compilerRunner.GradleKotlinCompilerWork.compileInProcessImpl(GradleKotlinCompilerWork.kt:391)
	at org.jetbrains.kotlin.compilerRunner.GradleKotlinCompilerWork.access$compileInProcessImpl(GradleKotlinCompilerWork.kt:85)
	at org.jetbrains.kotlin.compilerRunner.GradleKotlinCompilerWork$compileInProcess$future$1.call(GradleKotlinCompilerWork.kt:364)
	at org.jetbrains.kotlin.compilerRunner.GradleKotlinCompilerWork$compileInProcess$future$1.call(GradleKotlinCompilerWork.kt:363)
	at java.base/java.util.concurrent.FutureTask.run(Unknown Source)
	at java.base/java.util.concurrent.ThreadPoolExecutor.runWorker(Unknown Source)
	at java.base/java.util.concurrent.ThreadPoolExecutor$Worker.run(Unknown Source)
	at java.base/java.lang.Thread.run(Unknown Source)


